Loaded file read counts from /grid/kinney/data/desmara/2025_12_03_pac_bio_library_mapping_risLlib_001_002_003_004/2026_05_04_reanalysis/parsing/read_counts.json
Starting BAM file processing...
Using provided file read counts...
  m84223_251126_143521_s2.hifi_reads.bc2011.bam: 6424942 reads
  m84223_251126_143521_s2.hifi_reads.bc2015.bam: 5661978 reads
  m84223_251126_143521_s2.hifi_reads.unassigned.bam: 30659 reads
Total reads across all files: 12117579
Processing chunk 7 of 8: reads 9088182 to 10602878 (total: 1514697 reads)
Processing BAM file: /grid/kinney/data/desmara/2025_12_03_pac_bio_library_mapping_risLlib_001_002_003_004/hifi_reads/m84223_251126_143521_s2.hifi_reads.bc2015.bam
  Processing chunk: skipping 2663240 reads, processing 1514697 reads (out of 5661978 total)
  Processed 1514697 reads

=== TIMING RESULTS ===
Total processing time: 977.81 seconds

File: m84223_251126_143521_s2.hifi_reads.bc2015.bam
  Total file time: 977.71 seconds
  File open: 0.0000s (0.0%)
  Read count: 0.0000s (0.0%)
  Read fetch: 351.5903s (36.0%)
  Regex matching: 594.4157s (60.8%)
  DataFrame creation: 15.3535s (1.6%)
Auto-detected format: csv from extension .csv
Saved results to /grid/kinney/data/desmara/2025_12_03_pac_bio_library_mapping_risLlib_001_002_003_004/2026_05_04_reanalysis/parsing/parsed_reads_chunk7.csv (csv format)
Saved parser state to /grid/kinney/data/desmara/2025_12_03_pac_bio_library_mapping_risLlib_001_002_003_004/2026_05_04_reanalysis/parsing/parser_state_chunk7.json

=== SUMMARY ===
Total reads processed: 1514697
Files processed: 1
Unique query names: 1514697
  upstream_barcode: 914053 matches (60.3%)
  upstream_barcode_rev: 355635 matches (23.5%)
  downstream_barcode: 952077 matches (62.9%)
  downstream_barcode_rev: 371379 matches (24.5%)
  lib001_variable_exon: 381 matches (0.0%)
  lib001_variable_exon_rev: 195 matches (0.0%)
  lib001_variable_intron: 324 matches (0.0%)
  lib001_variable_intron_rev: 163 matches (0.0%)
  lib002_variable_exon: 865860 matches (57.2%)
  lib002_variable_exon_rev: 335268 matches (22.1%)
  lib002_variable_intron: 894351 matches (59.0%)
  lib002_variable_intron_rev: 346262 matches (22.9%)
  lib003_variable_exon: 42 matches (0.0%)
  lib003_variable_exon_rev: 22 matches (0.0%)
  lib004_junction: 13062 matches (0.9%)
  lib004_junction_rev: 6868 matches (0.5%)
