Loaded file read counts from /grid/kinney/data/desmara/2025_12_03_pac_bio_library_mapping_risLlib_001_002_003_004/2026_05_04_reanalysis/parsing/read_counts.json
Starting BAM file processing...
Using provided file read counts...
  m84223_251126_143521_s2.hifi_reads.bc2011.bam: 6424942 reads
  m84223_251126_143521_s2.hifi_reads.bc2015.bam: 5661978 reads
  m84223_251126_143521_s2.hifi_reads.unassigned.bam: 30659 reads
Total reads across all files: 12117579
Processing chunk 4 of 8: reads 4544091 to 6058787 (total: 1514697 reads)
Processing BAM file: /grid/kinney/data/desmara/2025_12_03_pac_bio_library_mapping_risLlib_001_002_003_004/hifi_reads/m84223_251126_143521_s2.hifi_reads.bc2011.bam
  Processing chunk: skipping 4544091 reads, processing 1514697 reads (out of 6424942 total)
  Processed 1514697 reads

=== TIMING RESULTS ===
Total processing time: 1152.02 seconds

File: m84223_251126_143521_s2.hifi_reads.bc2011.bam
  Total file time: 1151.92 seconds
  File open: 0.0000s (0.0%)
  Read count: 0.0000s (0.0%)
  Read fetch: 514.0012s (44.6%)
  Regex matching: 604.4467s (52.5%)
  DataFrame creation: 17.9671s (1.6%)
Auto-detected format: csv from extension .csv
Saved results to /grid/kinney/data/desmara/2025_12_03_pac_bio_library_mapping_risLlib_001_002_003_004/2026_05_04_reanalysis/parsing/parsed_reads_chunk4.csv (csv format)
Saved parser state to /grid/kinney/data/desmara/2025_12_03_pac_bio_library_mapping_risLlib_001_002_003_004/2026_05_04_reanalysis/parsing/parser_state_chunk4.json

=== SUMMARY ===
Total reads processed: 1514697
Files processed: 1
Unique query names: 1514697
  upstream_barcode: 696730 matches (46.0%)
  upstream_barcode_rev: 492517 matches (32.5%)
  downstream_barcode: 741484 matches (49.0%)
  downstream_barcode_rev: 514391 matches (34.0%)
  lib001_variable_exon: 636665 matches (42.0%)
  lib001_variable_exon_rev: 460342 matches (30.4%)
  lib001_variable_intron: 668193 matches (44.1%)
  lib001_variable_intron_rev: 475041 matches (31.4%)
  lib002_variable_exon: 304 matches (0.0%)
  lib002_variable_exon_rev: 212 matches (0.0%)
  lib002_variable_intron: 309 matches (0.0%)
  lib002_variable_intron_rev: 211 matches (0.0%)
  lib003_variable_exon: 16836 matches (1.1%)
  lib003_variable_exon_rev: 9429 matches (0.6%)
  lib004_junction: 1 matches (0.0%)
  lib004_junction_rev: 0 matches (0.0%)
