Found 8 chunk files to merge
Loading parsed_reads_chunk1.csv...
  Loaded 1514697 reads from parsed_reads_chunk1.csv
Loading parsed_reads_chunk2.csv...
  Loaded 1514697 reads from parsed_reads_chunk2.csv
Loading parsed_reads_chunk3.csv...
  Loaded 1514697 reads from parsed_reads_chunk3.csv
Loading parsed_reads_chunk4.csv...
  Loaded 1514697 reads from parsed_reads_chunk4.csv
Loading parsed_reads_chunk5.csv...
  Loaded 1514697 reads from parsed_reads_chunk5.csv
Loading parsed_reads_chunk6.csv...
  Loaded 1514697 reads from parsed_reads_chunk6.csv
Loading parsed_reads_chunk7.csv...
  Loaded 1514697 reads from parsed_reads_chunk7.csv
Loading parsed_reads_chunk8.csv...
  Loaded 1514700 reads from parsed_reads_chunk8.csv
Concatenating dataframes...
Saving merged results to /grid/kinney/data/desmara/2025_12_03_pac_bio_library_mapping_risLlib_001_002_003_004/2026_05_04_reanalysis/parsing_v2/parsed_reads_merged.csv...
Merge complete! Total reads: 12117579
Files processed: 3
Unique query names: 12117579
