no change     /grid/it/data/elzar/easybuild/software/Anaconda3/2022.05/condabin/conda
no change     /grid/it/data/elzar/easybuild/software/Anaconda3/2022.05/bin/conda
no change     /grid/it/data/elzar/easybuild/software/Anaconda3/2022.05/bin/conda-env
no change     /grid/it/data/elzar/easybuild/software/Anaconda3/2022.05/bin/activate
no change     /grid/it/data/elzar/easybuild/software/Anaconda3/2022.05/bin/deactivate
no change     /grid/it/data/elzar/easybuild/software/Anaconda3/2022.05/etc/profile.d/conda.sh
no change     /grid/it/data/elzar/easybuild/software/Anaconda3/2022.05/etc/fish/conf.d/conda.fish
no change     /grid/it/data/elzar/easybuild/software/Anaconda3/2022.05/shell/condabin/Conda.psm1
no change     /grid/it/data/elzar/easybuild/software/Anaconda3/2022.05/shell/condabin/conda-hook.ps1
no change     /grid/it/data/elzar/easybuild/software/Anaconda3/2022.05/lib/python3.9/site-packages/xontrib/conda.xsh
no change     /grid/it/data/elzar/easybuild/software/Anaconda3/2022.05/etc/profile.d/conda.csh
no change     /grid/kinney/home/desmara/.bashrc
No action taken.
Counting reads in all files...
  m84223_251126_143521_s2.hifi_reads.bc2011.bam: 6424942 reads
  m84223_251126_143521_s2.hifi_reads.bc2015.bam: 5661978 reads
  m84223_251126_143521_s2.hifi_reads.unassigned.bam: 30659 reads
Total reads across all files: 12117579
Saved read counts to ./output/parse_v5/read_counts.json
Counting completed successfully
