no change     /grid/it/data/elzar/easybuild/software/Anaconda3/2022.05/condabin/conda
no change     /grid/it/data/elzar/easybuild/software/Anaconda3/2022.05/bin/conda
no change     /grid/it/data/elzar/easybuild/software/Anaconda3/2022.05/bin/conda-env
no change     /grid/it/data/elzar/easybuild/software/Anaconda3/2022.05/bin/activate
no change     /grid/it/data/elzar/easybuild/software/Anaconda3/2022.05/bin/deactivate
no change     /grid/it/data/elzar/easybuild/software/Anaconda3/2022.05/etc/profile.d/conda.sh
no change     /grid/it/data/elzar/easybuild/software/Anaconda3/2022.05/etc/fish/conf.d/conda.fish
no change     /grid/it/data/elzar/easybuild/software/Anaconda3/2022.05/shell/condabin/Conda.psm1
no change     /grid/it/data/elzar/easybuild/software/Anaconda3/2022.05/shell/condabin/conda-hook.ps1
no change     /grid/it/data/elzar/easybuild/software/Anaconda3/2022.05/lib/python3.9/site-packages/xontrib/conda.xsh
no change     /grid/it/data/elzar/easybuild/software/Anaconda3/2022.05/etc/profile.d/conda.csh
no change     /grid/kinney/home/desmara/.bashrc
No action taken.
Loaded file read counts from ./output/parse_v5/read_counts.json
Starting BAM file processing...
Using provided file read counts...
Warning: No read count provided for /grid/kinney/data/desmara/2025_12_03_pac_bio_library_mapping_risLlib_001_002_003_004/hifi_reads/m84223_251126_143521_s2.hifi_reads.bc2011.bam, counting now
Warning: No read count provided for /grid/kinney/data/desmara/2025_12_03_pac_bio_library_mapping_risLlib_001_002_003_004/hifi_reads/m84223_251126_143521_s2.hifi_reads.bc2015.bam, counting now
Warning: No read count provided for /grid/kinney/data/desmara/2025_12_03_pac_bio_library_mapping_risLlib_001_002_003_004/hifi_reads/m84223_251126_143521_s2.hifi_reads.unassigned.bam, counting now
Total reads across all files: 12117579
Processing chunk 8 of 8: reads 10602879 to 12117578 (total: 1514700 reads)
Processing BAM file: /grid/kinney/data/desmara/2025_12_03_pac_bio_library_mapping_risLlib_001_002_003_004/hifi_reads/m84223_251126_143521_s2.hifi_reads.bc2015.bam
  Processing chunk: skipping 4177937 reads, processing 1484041 reads (out of 5661978 total)
  Processed 1484041 reads
Processing BAM file: /grid/kinney/data/desmara/2025_12_03_pac_bio_library_mapping_risLlib_001_002_003_004/hifi_reads/m84223_251126_143521_s2.hifi_reads.unassigned.bam
  Found 30659 reads
  Processed 30659 reads

=== TIMING RESULTS ===
Total processing time: 1622.84 seconds

File: m84223_251126_143521_s2.hifi_reads.bc2015.bam
  Total file time: 797.37 seconds
  File open: 0.0000s (0.0%)
  Read count: 0.0000s (0.0%)
  Read fetch: 385.8855s (48.4%)
  Regex matching: 387.9564s (48.7%)
  DataFrame creation: 11.8181s (1.5%)

File: m84223_251126_143521_s2.hifi_reads.unassigned.bam
  Total file time: 10.98 seconds
  File open: 0.0000s (0.0%)
  Read count: 0.0000s (0.0%)
  Read fetch: 2.1427s (19.5%)
  Regex matching: 8.3133s (75.7%)
  DataFrame creation: 0.2454s (2.2%)
Saved results to ./output/parse_v5/parsed_reads_chunk8.csv (csv format)
Saved parser state to ./output/parse_v5/parser_state_chunk8.json

=== SUMMARY ===
Total reads processed: 1514700
Files processed: 2
Unique query names: 1514700
  upstream_barcode: 510255 matches (33.7%)
  upstream_barcode_rev: 712248 matches (47.0%)
  downstream_barcode: 532143 matches (35.1%)
  downstream_barcode_rev: 743096 matches (49.1%)
  lib001_variable_exon: 5857 matches (0.4%)
  lib001_variable_exon_rev: 4703 matches (0.3%)
  lib001_variable_intron: 5958 matches (0.4%)
  lib001_variable_intron_rev: 4745 matches (0.3%)
  lib002_variable_exon: 476191 matches (31.4%)
  lib002_variable_exon_rev: 666581 matches (44.0%)
  lib002_variable_intron: 491957 matches (32.5%)
  lib002_variable_intron_rev: 688062 matches (45.4%)
  lib003_variable_exon: 99 matches (0.0%)
  lib003_variable_exon_rev: 95 matches (0.0%)
  lib004_junction: 8549 matches (0.6%)
  lib004_junction_rev: 13971 matches (0.9%)
