no change     /grid/it/data/elzar/easybuild/software/Anaconda3/2022.05/condabin/conda
no change     /grid/it/data/elzar/easybuild/software/Anaconda3/2022.05/bin/conda
no change     /grid/it/data/elzar/easybuild/software/Anaconda3/2022.05/bin/conda-env
no change     /grid/it/data/elzar/easybuild/software/Anaconda3/2022.05/bin/activate
no change     /grid/it/data/elzar/easybuild/software/Anaconda3/2022.05/bin/deactivate
no change     /grid/it/data/elzar/easybuild/software/Anaconda3/2022.05/etc/profile.d/conda.sh
no change     /grid/it/data/elzar/easybuild/software/Anaconda3/2022.05/etc/fish/conf.d/conda.fish
no change     /grid/it/data/elzar/easybuild/software/Anaconda3/2022.05/shell/condabin/Conda.psm1
no change     /grid/it/data/elzar/easybuild/software/Anaconda3/2022.05/shell/condabin/conda-hook.ps1
no change     /grid/it/data/elzar/easybuild/software/Anaconda3/2022.05/lib/python3.9/site-packages/xontrib/conda.xsh
no change     /grid/it/data/elzar/easybuild/software/Anaconda3/2022.05/etc/profile.d/conda.csh
no change     /grid/kinney/home/desmara/.bashrc
No action taken.
Loaded file read counts from ./output/parse_v5/read_counts.json
Starting BAM file processing...
Using provided file read counts...
Warning: No read count provided for /grid/kinney/data/desmara/2025_12_03_pac_bio_library_mapping_risLlib_001_002_003_004/hifi_reads/m84223_251126_143521_s2.hifi_reads.bc2011.bam, counting now
Warning: No read count provided for /grid/kinney/data/desmara/2025_12_03_pac_bio_library_mapping_risLlib_001_002_003_004/hifi_reads/m84223_251126_143521_s2.hifi_reads.bc2015.bam, counting now
Warning: No read count provided for /grid/kinney/data/desmara/2025_12_03_pac_bio_library_mapping_risLlib_001_002_003_004/hifi_reads/m84223_251126_143521_s2.hifi_reads.unassigned.bam, counting now
Total reads across all files: 12117579
Processing chunk 4 of 8: reads 4544091 to 6058787 (total: 1514697 reads)
Processing BAM file: /grid/kinney/data/desmara/2025_12_03_pac_bio_library_mapping_risLlib_001_002_003_004/hifi_reads/m84223_251126_143521_s2.hifi_reads.bc2011.bam
  Processing chunk: skipping 4544091 reads, processing 1514697 reads (out of 6424942 total)
  Processed 1514697 reads

=== TIMING RESULTS ===
Total processing time: 1642.81 seconds

File: m84223_251126_143521_s2.hifi_reads.bc2011.bam
  Total file time: 828.51 seconds
  File open: 0.0000s (0.0%)
  Read count: 0.0000s (0.0%)
  Read fetch: 413.2424s (49.9%)
  Regex matching: 391.2686s (47.2%)
  DataFrame creation: 12.0937s (1.5%)
Saved results to ./output/parse_v5/parsed_reads_chunk4.csv (csv format)
Saved parser state to ./output/parse_v5/parser_state_chunk4.json

=== SUMMARY ===
Total reads processed: 1514697
Files processed: 1
Unique query names: 1514697
  upstream_barcode: 696730 matches (46.0%)
  upstream_barcode_rev: 492517 matches (32.5%)
  downstream_barcode: 741484 matches (49.0%)
  downstream_barcode_rev: 514391 matches (34.0%)
  lib001_variable_exon: 636665 matches (42.0%)
  lib001_variable_exon_rev: 460342 matches (30.4%)
  lib001_variable_intron: 668193 matches (44.1%)
  lib001_variable_intron_rev: 475041 matches (31.4%)
  lib002_variable_exon: 304 matches (0.0%)
  lib002_variable_exon_rev: 212 matches (0.0%)
  lib002_variable_intron: 309 matches (0.0%)
  lib002_variable_intron_rev: 211 matches (0.0%)
  lib003_variable_exon: 16836 matches (1.1%)
  lib003_variable_exon_rev: 9429 matches (0.6%)
  lib004_junction: 1 matches (0.0%)
  lib004_junction_rev: 0 matches (0.0%)
